<?xml version="1.0" encoding="UTF-8"?>
<testsuite name="test.java.AlgoTest" tests="12" skipped="0" failures="0" errors="0" timestamp="2018-10-22T01:09:50" hostname="mail" time="0.006">
  <properties/>
  <testcase name="testMergeNull" classname="test.java.AlgoTest" time="0.003"/>
  <testcase name="testBub" classname="test.java.AlgoTest" time="0.0"/>
  <testcase name="testIns" classname="test.java.AlgoTest" time="0.0"/>
  <testcase name="testSel" classname="test.java.AlgoTest" time="0.0"/>
  <testcase name="testMerge" classname="test.java.AlgoTest" time="0.0"/>
  <testcase name="testQNull" classname="test.java.AlgoTest" time="0.0"/>
  <testcase name="testHeap" classname="test.java.AlgoTest" time="0.0"/>
  <testcase name="testHeapNull" classname="test.java.AlgoTest" time="0.0"/>
  <testcase name="testBubNull" classname="test.java.AlgoTest" time="0.0"/>
  <testcase name="testQ" classname="test.java.AlgoTest" time="0.0"/>
  <testcase name="testInsNull" classname="test.java.AlgoTest" time="0.001"/>
  <testcase name="testSelNull" classname="test.java.AlgoTest" time="0.0"/>
  <system-out><![CDATA[]]></system-out>
  <system-err><![CDATA[]]></system-err>
</testsuite>
